time=2024-08-12T16:02:14.160+05:00 level=INFO msg="Server is running ..." port=:8080
time=2024-08-12T19:29:02.182+05:00 level=INFO msg="Server is running ..." port=:8080
time=2024-08-12T19:30:14.356+05:00 level=ERROR msg="!!!!! INTERNAL SERVER ERROR" msg="error is while create account" status=500 error="rpc error: code = Unavailable desc = error reading from server: EOF"
time=2024-08-12T19:31:50.477+05:00 level=ERROR msg="!!!!! INTERNAL SERVER ERROR" msg="error is while create account" status=500 error="rpc error: code = Unavailable desc = connection error: desc = \"transport: Error while dialing: dial tcp 127.0.0.1:8082: connect: connection refused\""
time=2024-08-12T19:34:24.369+05:00 level=ERROR msg="!!!!! INTERNAL SERVER ERROR" msg="error is while create account" status=500 error="rpc error: code = Unavailable desc = error reading from server: EOF"
time=2024-08-12T20:10:16.696+05:00 level=INFO msg="~~~~> OK" msg=success status=201
time=2024-08-12T20:36:58.502+05:00 level=INFO msg="~~~~> OK" msg=success status=201
time=2024-08-12T20:43:15.083+05:00 level=INFO msg="~~~~> OK" msg=success status=201
time=2024-08-12T20:45:25.189+05:00 level=INFO msg="~~~~> OK" msg="" status=200
time=2024-08-12T21:00:02.070+05:00 level=INFO msg="~~~~> OK" msg="" status=200
time=2024-08-12T21:00:15.796+05:00 level=INFO msg="~~~~> OK" msg="" status=200
time=2024-08-12T21:00:22.615+05:00 level=INFO msg="~~~~> OK" msg="" status=200
time=2024-08-12T21:00:30.575+05:00 level=INFO msg="~~~~> OK" msg="" status=200
time=2024-08-12T21:02:43.805+05:00 level=ERROR msg="!!!!! BAD REQUEST" msg=" start_time of budget_service parse to format: format 2000-01-09 " status=400
time=2024-08-12T21:04:33.725+05:00 level=INFO msg="Server is running ..." port=:8080
time=2024-08-12T21:04:38.653+05:00 level=ERROR msg="!!!!! BAD REQUEST" msg=" start_time of budget_service parse to format: format 2000-01-09 " status=400
time=2024-08-12T21:06:30.822+05:00 level=ERROR msg="!!!!! BAD REQUEST" msg=" start_time of budget_service parse to format: format 2000-01-09 " status=400
time=2024-08-12T21:08:12.102+05:00 level=INFO msg="Server is running ..." port=:8080
time=2024-08-12T21:08:16.672+05:00 level=ERROR msg="!!!!! BAD REQUEST" msg=" start_time of budget_service parse to format: format 2000-01-09 " status=400
time=2024-08-12T21:14:21.455+05:00 level=INFO msg="Server is running ..." port=:8080
time=2024-08-12T21:15:19.149+05:00 level=INFO msg="Server is running ..." port=:8080
time=2024-08-12T21:17:14.041+05:00 level=INFO msg="Server is running ..." port=:8080
time=2024-08-12T21:19:21.921+05:00 level=INFO msg="Server is running ..." port=:8080
time=2024-08-12T21:21:02.341+05:00 level=ERROR msg="!!!!! BAD REQUEST" msg=" start_time of budget_service parse to format: format 2000-01-09 " status=400
time=2024-08-12T21:31:06.914+05:00 level=ERROR msg="!!!!! BAD REQUEST" msg=" start_time of budget_service parse to format: format 2000-01-09 " status=400
time=2024-08-12T21:31:07.177+05:00 level=ERROR msg="!!!!! BAD REQUEST" msg=" start_time of budget_service parse to format: format 2000-01-09 " status=400
time=2024-08-12T22:28:44.358+05:00 level=INFO msg="Server is running ..." port=:8080
time=2024-08-12T22:28:51.100+05:00 level=INFO msg="~~~~> OK" msg=success status=201
time=2024-08-12T22:43:09.331+05:00 level=INFO msg="Server is running ..." port=:8080
time=2024-08-12T22:43:09.331+05:00 level=ERROR msg="Error while running server" !BADKEY="listen tcp :8080: bind: address already in use"
time=2024-08-12T22:43:24.633+05:00 level=INFO msg="Server is running ..." port=:8080
time=2024-08-12T22:43:24.634+05:00 level=ERROR msg="Error while running server" !BADKEY="listen tcp :8080: bind: address already in use"
time=2024-08-12T22:44:14.574+05:00 level=INFO msg="Server is running ..." port=:8080
time=2024-08-12T22:44:14.575+05:00 level=ERROR msg="Error while running server" !BADKEY="listen tcp :8080: bind: address already in use"
time=2024-08-12T22:45:12.529+05:00 level=INFO msg="Server is running ..." port=:7777
time=2024-08-12T22:45:48.727+05:00 level=INFO msg="~~~~> OK" msg=success status=201
time=2024-08-12T23:07:59.283+05:00 level=ERROR msg="!!!!! INTERNAL SERVER ERROR" msg="error is while create budget" status=500 error="rpc error: code = Unknown desc = error decoding key start_time: parsing time \"\" as \"2006-01-02T15:04:05.999Z07:00\": cannot parse \"\" as \"2006\""
time=2024-08-13T00:33:45.477+05:00 level=ERROR msg="this error is newRabbitMq" !BADKEY="Exception (403) Reason: \"username or password not allowed\""
time=2024-08-13T00:34:12.364+05:00 level=ERROR msg="this error is newRabbitMq" !BADKEY="Exception (403) Reason: \"username or password not allowed\""
time=2024-08-13T00:34:50.874+05:00 level=ERROR msg="this error is newRabbitMq" !BADKEY="Exception (403) Reason: \"username or password not allowed\""
time=2024-08-13T01:38:58.057+05:00 level=ERROR msg="this error is newRabbitMq" !BADKEY="Exception (403) Reason: \"username or password not allowed\""
time=2024-08-13T01:42:02.614+05:00 level=ERROR msg="this error is newRabbitMq" !BADKEY="Exception (403) Reason: \"username or password not allowed\""
time=2024-08-13T01:43:00.814+05:00 level=ERROR msg="this error is newRabbitMq" !BADKEY="Exception (403) Reason: \"username or password not allowed\""
time=2024-08-13T01:44:24.236+05:00 level=INFO msg="Server is running ..." port=:7777
time=2024-08-13T01:47:39.552+05:00 level=ERROR msg="!!!!! INTERNAL SERVER ERROR" msg="error is while create account" status=500 error="rpc error: code = Unavailable desc = error reading from server: EOF"
time=2024-08-13T01:47:52.278+05:00 level=ERROR msg="!!!!! INTERNAL SERVER ERROR" msg="error is while create account" status=500 error="rpc error: code = Unavailable desc = connection error: desc = \"transport: Error while dialing: dial tcp 127.0.0.1:8082: connect: connection refused\""
time=2024-08-13T01:48:46.262+05:00 level=ERROR msg="!!!!! INTERNAL SERVER ERROR" msg="error is while create account" status=500 error="rpc error: code = Unavailable desc = connection error: desc = \"transport: Error while dialing: dial tcp 127.0.0.1:8082: connect: connection refused\""
time=2024-08-13T01:49:40.381+05:00 level=INFO msg="Server is running ..." port=:7777
time=2024-08-13T01:50:24.925+05:00 level=ERROR msg="!!!!! INTERNAL SERVER ERROR" msg="error is while create account" status=500 error="rpc error: code = Unavailable desc = error reading from server: EOF"
time=2024-08-13T02:05:37.787+05:00 level=ERROR msg="!!!!! INTERNAL SERVER ERROR" msg="error is while create account" status=500 error="rpc error: code = Unavailable desc = error reading from server: EOF"
time=2024-08-13T02:08:23.316+05:00 level=ERROR msg="!!!!! INTERNAL SERVER ERROR" msg="error is while create account" status=500 error="rpc error: code = Unavailable desc = error reading from server: EOF"
time=2024-08-13T02:12:18.095+05:00 level=ERROR msg="!!!!! INTERNAL SERVER ERROR" msg="error is while create account" status=500 error="rpc error: code = Unavailable desc = error reading from server: EOF"
time=2024-08-13T02:13:27.522+05:00 level=ERROR msg="!!!!! INTERNAL SERVER ERROR" msg="error is while create account" status=500 error="rpc error: code = Unavailable desc = error reading from server: EOF"
time=2024-08-13T02:14:47.568+05:00 level=ERROR msg="!!!!! INTERNAL SERVER ERROR" msg="error is while create account" status=500 error="rpc error: code = Unavailable desc = error reading from server: EOF"
time=2024-08-13T02:15:28.730+05:00 level=ERROR msg="!!!!! INTERNAL SERVER ERROR" msg="error is while create account" status=500 error="rpc error: code = Unavailable desc = error reading from server: EOF"
time=2024-08-13T02:16:10.450+05:00 level=ERROR msg="!!!!! INTERNAL SERVER ERROR" msg="error is while create account" status=500 error="rpc error: code = Unavailable desc = error reading from server: EOF"
time=2024-08-13T02:17:31.227+05:00 level=ERROR msg="!!!!! INTERNAL SERVER ERROR" msg="error is while create account" status=500 error="rpc error: code = Unavailable desc = error reading from server: EOF"
time=2024-08-13T02:20:23.261+05:00 level=ERROR msg="!!!!! INTERNAL SERVER ERROR" msg="error is while create account" status=500 error="rpc error: code = Unavailable desc = connection error: desc = \"transport: Error while dialing: dial tcp 127.0.0.1:8082: connect: connection refused\""
time=2024-08-13T02:21:21.719+05:00 level=ERROR msg="!!!!! INTERNAL SERVER ERROR" msg="error is while create account" status=500 error="rpc error: code = Unavailable desc = connection error: desc = \"transport: Error while dialing: dial tcp 127.0.0.1:8082: connect: connection refused\""
time=2024-08-13T02:21:29.708+05:00 level=ERROR msg="!!!!! INTERNAL SERVER ERROR" msg="error is while create account" status=500 error="rpc error: code = Unavailable desc = connection error: desc = \"transport: Error while dialing: dial tcp 127.0.0.1:8082: connect: connection refused\""
time=2024-08-13T02:21:40.652+05:00 level=ERROR msg="!!!!! INTERNAL SERVER ERROR" msg="error is while create account" status=500 error="rpc error: code = Unavailable desc = error reading from server: EOF"
time=2024-08-13T02:23:27.611+05:00 level=INFO msg="~~~~> OK" msg=success status=201
time=2024-08-13T02:24:39.952+05:00 level=INFO msg="~~~~> OK" msg=success status=201
time=2024-08-13T02:27:04.128+05:00 level=INFO msg="~~~~> OK" msg=success status=201
time=2024-08-13T02:28:11.416+05:00 level=INFO msg="~~~~> OK" msg="" status=200
time=2024-08-13T02:28:30.537+05:00 level=INFO msg="~~~~> OK" msg="" status=200
time=2024-08-13T02:29:51.772+05:00 level=ERROR msg="!!!!! BAD REQUEST" msg="start_time parse error" status=400
time=2024-08-13T02:33:39.231+05:00 level=ERROR msg="!!!!! INTERNAL SERVER ERROR" msg="error is while get budget" status=500 error="rpc error: code = Unknown desc = error decoding key start_time: parsing time \"\" as \"2006-01-02T15:04:05.999Z07:00\": cannot parse \"\" as \"2006\""
time=2024-08-13T02:41:19.455+05:00 level=ERROR msg="!!!!! INTERNAL SERVER ERROR" msg="error is while get budget" status=500 error="rpc error: code = Unknown desc = error decoding key start_time: parsing time \"\" as \"2006-01-02T15:04:05.999Z07:00\": cannot parse \"\" as \"2006\""
time=2024-08-13T02:57:59.942+05:00 level=INFO msg="Server is running ..." port=:7777
time=2024-08-13T02:58:35.486+05:00 level=ERROR msg="!!!!! BAD REQUEST" msg="start_time parse error" status=400
time=2024-08-13T03:06:17.471+05:00 level=INFO msg="~~~~> OK" msg=success status=201
time=2024-08-13T03:07:22.545+05:00 level=INFO msg="~~~~> OK" msg=success status=201
time=2024-08-13T03:08:01.802+05:00 level=INFO msg="~~~~> OK" msg="" status=200
time=2024-08-13T03:08:59.438+05:00 level=INFO msg="~~~~> OK" msg=success status=201
time=2024-08-13T03:09:42.160+05:00 level=INFO msg="~~~~> OK" msg="" status=200
time=2024-08-13T03:09:53.769+05:00 level=ERROR msg="!!!!! INTERNAL SERVER ERROR" msg="error is while get category" status=500 error="rpc error: code = Unknown desc = mongo: no documents in result"
time=2024-08-13T03:10:08.281+05:00 level=INFO msg="~~~~> OK" msg=success status=201
time=2024-08-13T03:11:07.650+05:00 level=ERROR msg="!!!!! BAD REQUEST" msg="start_time parse error" status=400
time=2024-08-13T03:12:44.397+05:00 level=INFO msg="Server is running ..." port=:7777
time=2024-08-13T03:12:51.173+05:00 level=ERROR msg="!!!!! BAD REQUEST" msg="start_time parse error" status=400
time=2024-08-13T03:16:45.494+05:00 level=ERROR msg="!!!!! BAD REQUEST" msg="start_time parse error" status=400
time=2024-08-13T03:22:46.711+05:00 level=INFO msg="Server is running ..." port=:7777
time=2024-08-13T03:25:13.170+05:00 level=INFO msg="~~~~> OK" msg=success status=201
time=2024-08-13T03:29:18.507+05:00 level=INFO msg="~~~~> OK" msg=success status=201
time=2024-08-13T03:31:40.967+05:00 level=INFO msg="~~~~> OK" msg=success status=201
time=2024-08-13T03:32:27.686+05:00 level=INFO msg="~~~~> OK" msg="" status=200
time=2024-08-13T03:33:09.264+05:00 level=INFO msg="~~~~> OK" msg="" status=200
time=2024-08-13T03:37:11.667+05:00 level=ERROR msg="!!!!! BAD REQUEST" msg="date parse error" status=400
time=2024-08-13T03:37:40.229+05:00 level=INFO msg="~~~~> OK" msg="Transaction request successfully created" status=201
time=2024-08-13T03:44:34.080+05:00 level=INFO msg="~~~~> OK" msg="Transaction request successfully created" status=201
