time=2024-08-11T03:27:51.580+05:00 level=ERROR msg=... "Error while listening on TCP: %v"="listen tcp: address localhost5432: missing port in address"
time=2024-08-11T03:27:51.580+05:00 level=ERROR msg="server error" "Error while running HTTP server: %v"="listen tcp: address 5432: missing port in address"
time=2024-08-11T03:31:40.657+05:00 level=ERROR msg=... "Error while listening on TCP: %v"="listen tcp: address localhost5432: missing port in address"
time=2024-08-11T03:32:41.281+05:00 level=ERROR msg=... "Error while listening on TCP: %v"="listen tcp: address localhost5432: missing port in address"
time=2024-08-11T03:36:00.756+05:00 level=ERROR msg=... "Error while listening on TCP: %v"="listen tcp: address localhost5432: missing port in address"
time=2024-08-11T03:51:28.573+05:00 level=ERROR msg=... "Error while listening on TCP: %v"="listen tcp: address localhost5432: missing port in address"
time=2024-08-11T04:12:52.305+05:00 level=ERROR msg=... "Error while listening on TCP: %v"="listen tcp: address localhost5432: missing port in address"
time=2024-08-11T04:13:26.061+05:00 level=ERROR msg=... "Error while listening on TCP: %v"="listen tcp: address localhost5432: missing port in address"
time=2024-08-11T04:16:40.729+05:00 level=ERROR msg=... "Error while listening on TCP: %v"="listen tcp: address localhost5432: missing port in address"
time=2024-08-11T04:17:28.376+05:00 level=ERROR msg=... "Error while listening on TCP: %v"="listen tcp: address localhost5432: missing port in address"
time=2024-08-11T04:19:41.556+05:00 level=ERROR msg=... "Error while listening on TCP: %v"="listen tcp: address localhost5432: missing port in address"
time=2024-08-11T04:19:41.556+05:00 level=ERROR msg="server error" "Error while running HTTP server: %v"="listen tcp: address 5432: missing port in address"
time=2024-08-11T04:22:04.911+05:00 level=ERROR msg=... "Error while listening on TCP: %v"="listen tcp: address localhost5432: missing port in address"
time=2024-08-11T05:30:19.769+05:00 level=ERROR msg="pq: duplicate key value violates unique constraint \"users_username_key\""
time=2024-08-11T05:30:19.769+05:00 level=ERROR msg="pq: duplicate key value violates unique constraint \"users_username_key\""
time=2024-08-11T05:30:34.493+05:00 level=ERROR msg="pq: duplicate key value violates unique constraint \"users_username_key\""
time=2024-08-11T05:30:34.493+05:00 level=ERROR msg="pq: duplicate key value violates unique constraint \"users_username_key\""
time=2024-08-11T05:35:13.218+05:00 level=ERROR msg="email yoki parol noto'g'ri"
time=2024-08-11T05:35:13.219+05:00 level=ERROR msg="email yoki parol noto'g'ri"
time=2024-08-11T05:37:13.044+05:00 level=ERROR msg="email yoki parol noto'g'ri"
time=2024-08-11T05:37:13.044+05:00 level=ERROR msg="email yoki parol noto'g'ri"
time=2024-08-11T05:38:26.769+05:00 level=ERROR msg="email yoki parol noto'g'ri"
time=2024-08-11T05:38:26.769+05:00 level=ERROR msg="email yoki parol noto'g'ri"
time=2024-08-11T05:42:36.037+05:00 level=ERROR msg="email yoki parol noto'g'ri"
time=2024-08-11T05:42:36.037+05:00 level=ERROR msg="email yoki parol noto'g'ri"
time=2024-08-11T05:43:46.835+05:00 level=ERROR msg="email yoki parol noto'g'ri"
time=2024-08-11T05:43:46.835+05:00 level=ERROR msg="email yoki parol noto'g'ri"
time=2024-08-11T05:44:19.822+05:00 level=ERROR msg="email yoki parol noto'g'ri"
time=2024-08-11T05:44:19.822+05:00 level=ERROR msg="email yoki parol noto'g'ri"
time=2024-08-11T05:49:13.669+05:00 level=ERROR msg="email yoki parol noto'g'ri"
time=2024-08-11T05:49:13.669+05:00 level=ERROR msg="email yoki parol noto'g'ri"
time=2024-08-11T05:51:17.018+05:00 level=ERROR msg="email yoki parol noto'g'ri"
time=2024-08-11T05:51:17.018+05:00 level=ERROR msg="email yoki parol noto'g'ri"
time=2024-08-11T05:54:04.647+05:00 level=ERROR msg="email yoki parol noto'g'ri"
time=2024-08-11T05:54:04.647+05:00 level=ERROR msg="email yoki parol noto'g'ri"
time=2024-08-11T14:28:25.143+05:00 level=ERROR msg="pq: column \"token\" does not exist"
time=2024-08-11T14:28:25.143+05:00 level=ERROR msg="pq: column \"token\" does not exist"
